Performing C++ SOURCE FILE Test CMAKE_HAVE_LIBC_PTHREAD failed with the following output:
Change Dir: E:/Other/Workspace/3DPrint/FluentUI_Fw/FluentUI_Fw/build-fluentui_fw-Desktop_Qt_6_4_3_MSVC2019_64bit-Debug/CMakeFiles/CMakeTmp

Run Build Command(s):D:/Software/EmbededTools/Ninja/ninja.exe cmTC_3db57 && [1/2] Building CXX object CMakeFiles\cmTC_3db57.dir\src.cxx.obj
FAILED: CMakeFiles/cmTC_3db57.dir/src.cxx.obj 
"D:\Software\Visual Studio\VS_Community\2022\COMMUN~1\VC\Tools\MSVC\1438~1.331\bin\HostX64\x64\cl.exe"  /nologo /TP -DCMAKE_HAVE_LIBC_PTHREAD  -DQT_QML_DEBUG /DWIN32 /D_WINDOWS /GR /EHsc  /Zi /Ob0 /Od /RTC1 -MDd /showIncludes /FoCMakeFiles\cmTC_3db57.dir\src.cxx.obj /FdCMakeFiles\cmTC_3db57.dir\ /FS -c E:\Other\Workspace\3DPrint\FluentUI_Fw\FluentUI_Fw\build-fluentui_fw-Desktop_Qt_6_4_3_MSVC2019_64bit-Debug\CMakeFiles\CMakeTmp\src.cxx
E:\Other\Workspace\3DPrint\FluentUI_Fw\FluentUI_Fw\build-fluentui_fw-Desktop_Qt_6_4_3_MSVC2019_64bit-Debug\CMakeFiles\CMakeTmp\src.cxx(1): fatal error C1083: 无法打开包括文件: “pthread.h”: No such file or directory
ninja: build stopped: subcommand failed.


Source file was:
#include <pthread.h>

static void* test_func(void* data)
{
  return data;
}

int main(void)
{
  pthread_t thread;
  pthread_create(&thread, NULL, test_func, NULL);
  pthread_detach(thread);
  pthread_cancel(thread);
  pthread_join(thread, NULL);
  pthread_atfork(NULL, NULL, NULL);
  pthread_exit(NULL);

  return 0;
}

Determining if the function pthread_create exists in the pthreads failed with the following output:
Change Dir: E:/Other/Workspace/3DPrint/FluentUI_Fw/FluentUI_Fw/build-fluentui_fw-Desktop_Qt_6_4_3_MSVC2019_64bit-Debug/CMakeFiles/CMakeTmp

Run Build Command(s):D:/Software/EmbededTools/Ninja/ninja.exe cmTC_f09da && [1/2] Building CXX object CMakeFiles\cmTC_f09da.dir\CheckFunctionExists.cxx.obj
[2/2] Linking CXX executable cmTC_f09da.exe
FAILED: cmTC_f09da.exe 
cmd.exe /C "cd . && D:\Software\QtDesignerStudio\Tools\CMake_64\bin\cmake.exe -E vs_link_exe --intdir=CMakeFiles\cmTC_f09da.dir --rc="D:\Windows Kits\10\bin\100220~1.0\x64\rc.exe" --mt="D:\Windows Kits\10\bin\100220~1.0\x64\mt.exe" --manifests  -- "D:\Software\Visual Studio\VS_Community\2022\COMMUN~1\VC\Tools\MSVC\1438~1.331\bin\Hostx64\x64\link.exe" /nologo CMakeFiles\cmTC_f09da.dir\CheckFunctionExists.cxx.obj  /out:cmTC_f09da.exe /implib:cmTC_f09da.lib /pdb:cmTC_f09da.pdb /version:0.0 /machine:x64  /debug /INCREMENTAL /subsystem:console  pthreads.lib  kernel32.lib user32.lib gdi32.lib winspool.lib shell32.lib ole32.lib oleaut32.lib uuid.lib comdlg32.lib advapi32.lib && cd ."
LINK Pass 1: command "D:\Software\Visual Studio\VS_Community\2022\COMMUN~1\VC\Tools\MSVC\1438~1.331\bin\Hostx64\x64\link.exe /nologo CMakeFiles\cmTC_f09da.dir\CheckFunctionExists.cxx.obj /out:cmTC_f09da.exe /implib:cmTC_f09da.lib /pdb:cmTC_f09da.pdb /version:0.0 /machine:x64 /debug /INCREMENTAL /subsystem:console pthreads.lib kernel32.lib user32.lib gdi32.lib winspool.lib shell32.lib ole32.lib oleaut32.lib uuid.lib comdlg32.lib advapi32.lib /MANIFEST /MANIFESTFILE:CMakeFiles\cmTC_f09da.dir/intermediate.manifest CMakeFiles\cmTC_f09da.dir/manifest.res" failed (exit code 1104) with the following output:
LINK : fatal error LNK1104: 无法打开文件“pthreads.lib”
ninja: build stopped: subcommand failed.



Determining if the function pthread_create exists in the pthread failed with the following output:
Change Dir: E:/Other/Workspace/3DPrint/FluentUI_Fw/FluentUI_Fw/build-fluentui_fw-Desktop_Qt_6_4_3_MSVC2019_64bit-Debug/CMakeFiles/CMakeTmp

Run Build Command(s):D:/Software/EmbededTools/Ninja/ninja.exe cmTC_53958 && [1/2] Building CXX object CMakeFiles\cmTC_53958.dir\CheckFunctionExists.cxx.obj
[2/2] Linking CXX executable cmTC_53958.exe
FAILED: cmTC_53958.exe 
cmd.exe /C "cd . && D:\Software\QtDesignerStudio\Tools\CMake_64\bin\cmake.exe -E vs_link_exe --intdir=CMakeFiles\cmTC_53958.dir --rc="D:\Windows Kits\10\bin\100220~1.0\x64\rc.exe" --mt="D:\Windows Kits\10\bin\100220~1.0\x64\mt.exe" --manifests  -- "D:\Software\Visual Studio\VS_Community\2022\COMMUN~1\VC\Tools\MSVC\1438~1.331\bin\Hostx64\x64\link.exe" /nologo CMakeFiles\cmTC_53958.dir\CheckFunctionExists.cxx.obj  /out:cmTC_53958.exe /implib:cmTC_53958.lib /pdb:cmTC_53958.pdb /version:0.0 /machine:x64  /debug /INCREMENTAL /subsystem:console  pthread.lib  kernel32.lib user32.lib gdi32.lib winspool.lib shell32.lib ole32.lib oleaut32.lib uuid.lib comdlg32.lib advapi32.lib && cd ."
LINK Pass 1: command "D:\Software\Visual Studio\VS_Community\2022\COMMUN~1\VC\Tools\MSVC\1438~1.331\bin\Hostx64\x64\link.exe /nologo CMakeFiles\cmTC_53958.dir\CheckFunctionExists.cxx.obj /out:cmTC_53958.exe /implib:cmTC_53958.lib /pdb:cmTC_53958.pdb /version:0.0 /machine:x64 /debug /INCREMENTAL /subsystem:console pthread.lib kernel32.lib user32.lib gdi32.lib winspool.lib shell32.lib ole32.lib oleaut32.lib uuid.lib comdlg32.lib advapi32.lib /MANIFEST /MANIFESTFILE:CMakeFiles\cmTC_53958.dir/intermediate.manifest CMakeFiles\cmTC_53958.dir/manifest.res" failed (exit code 1104) with the following output:
LINK : fatal error LNK1104: 无法打开文件“pthread.lib”
ninja: build stopped: subcommand failed.



